<?xml version="1.0" encoding="UTF-8"?>
<testng-results skipped="0" failed="1" total="3" passed="2">
  <reporter-output>
    <line>
      <![CDATA[in properties qa loop]]>
    </line>
    <line>
      <![CDATA[in browser loop]]>
    </line>
    <line>
      <![CDATA[in browser loop]]>
    </line>
    <line>
      <![CDATA[in browser loop]]>
    </line>
    <line>
      <![CDATA[in browser loop]]>
    </line>
    <line>
      <![CDATA[in browser loop]]>
    </line>
    <line>
      <![CDATA[in browser loop]]>
    </line>
    <line>
      <![CDATA[in browser loop]]>
    </line>
    <line>
      <![CDATA[in browser loop]]>
    </line>
    <line>
      <![CDATA[in browser loop]]>
    </line>
    <line>
      <![CDATA[in browser loop]]>
    </line>
    <line>
      <![CDATA[in browser loop]]>
    </line>
    <line>
      <![CDATA[in browser loop]]>
    </line>
    <line>
      <![CDATA[in browser loop]]>
    </line>
    <line>
      <![CDATA[in browser loop]]>
    </line>
    <line>
      <![CDATA[in browser loop]]>
    </line>
    <line>
      <![CDATA[in browser loop]]>
    </line>
    <line>
      <![CDATA[in browser loop]]>
    </line>
    <line>
      <![CDATA[in browser loop]]>
    </line>
    <line>
      <![CDATA[in browser loop]]>
    </line>
    <line>
      <![CDATA[URL ishttp://softtest247.com/presta/index.php]]>
    </line>
    <line>
      <![CDATA[Test case 2 is running...!]]>
    </line>
    <line>
      <![CDATA[Executing Second Test Case..!!]]>
    </line>
  </reporter-output>
  <suite name="Command line suite" duration-ms="22858" started-at="2017-06-12T23:44:11Z" finished-at="2017-06-12T23:44:33Z">
    <groups>
      <group name="1">
        <method signature="SanityTest.alogin_Positive()[pri:0, instance:com.selenium.presta.tests.SanityTest@659a969b]" name="alogin_Positive" class="com.selenium.presta.tests.SanityTest"/>
      </group> <!-- 1 -->
      <group name="2">
        <method signature="SanityTest.login_Negative()[pri:0, instance:com.selenium.presta.tests.SanityTest@659a969b]" name="login_Negative" class="com.selenium.presta.tests.SanityTest"/>
      </group> <!-- 2 -->
      <group name="3">
        <method signature="SanityTest.Searchproduct()[pri:0, instance:com.selenium.presta.tests.SanityTest@659a969b]" name="Searchproduct" class="com.selenium.presta.tests.SanityTest"/>
      </group> <!-- 3 -->
      <group name="presta">
        <method signature="SanityTest.Searchproduct()[pri:0, instance:com.selenium.presta.tests.SanityTest@659a969b]" name="Searchproduct" class="com.selenium.presta.tests.SanityTest"/>
        <method signature="SanityTest.alogin_Positive()[pri:0, instance:com.selenium.presta.tests.SanityTest@659a969b]" name="alogin_Positive" class="com.selenium.presta.tests.SanityTest"/>
        <method signature="SanityTest.login_Negative()[pri:0, instance:com.selenium.presta.tests.SanityTest@659a969b]" name="login_Negative" class="com.selenium.presta.tests.SanityTest"/>
      </group> <!-- presta -->
    </groups>
    <test name="Command line test" duration-ms="22858" started-at="2017-06-12T23:44:11Z" finished-at="2017-06-12T23:44:33Z">
      <class name="com.selenium.presta.tests.SanityTest">
        <test-method status="PASS" signature="LogintoApp()[pri:0, instance:com.selenium.presta.tests.SanityTest@659a969b]" name="LogintoApp" is-config="true" duration-ms="10623" started-at="2017-06-12T16:44:00Z" finished-at="2017-06-12T16:44:11Z">
          <reporter-output>
            <line>
              <![CDATA[URL ishttp://softtest247.com/presta/index.php]]>
            </line>
          </reporter-output>
        </test-method> <!-- LogintoApp -->
        <test-method status="PASS" signature="alogin_Positive()[pri:0, instance:com.selenium.presta.tests.SanityTest@659a969b]" name="alogin_Positive" duration-ms="24" started-at="2017-06-12T16:44:11Z" description="login_Positive" finished-at="2017-06-12T16:44:11Z">
          <reporter-output>
          </reporter-output>
        </test-method> <!-- alogin_Positive -->
        <test-method status="PASS" signature="HomePage()[pri:0, instance:com.selenium.presta.tests.SanityTest@659a969b]" name="HomePage" is-config="true" duration-ms="1781" started-at="2017-06-12T16:44:11Z" finished-at="2017-06-12T16:44:12Z">
          <reporter-output>
          </reporter-output>
        </test-method> <!-- HomePage -->
        <test-method status="FAIL" signature="login_Negative()[pri:0, instance:com.selenium.presta.tests.SanityTest@659a969b]" name="login_Negative" duration-ms="103" started-at="2017-06-12T16:44:12Z" description="login_Negative" finished-at="2017-06-12T16:44:12Z">
          <exception class="org.openqa.selenium.ElementNotVisibleException">
            <message>
              <![CDATA[element not visible
  (Session info: chrome=58.0.3029.110)
  (Driver info: chromedriver=2.29.461591 (62ebf098771772160f391d75e589dc567915b233),platform=Windows NT 6.1.7601 SP1 x86_64) (WARNING: The server did not provide any stacktrace information)
Command duration or timeout: 23 milliseconds
Build info: version: '2.32.0', revision: '6c40c187d01409a5dc3b7f8251859150c8af0bcb', time: '2013-04-09 10:39:28'
System info: os.name: 'Windows 7', os.arch: 'amd64', os.version: '6.1', java.version: '1.8.0_111'
Driver info: org.openqa.selenium.chrome.ChromeDriver
Capabilities [{applicationCacheEnabled=false, rotatable=false, mobileEmulationEnabled=false, networkConnectionEnabled=false, chrome={chromedriverVersion=2.29.461591 (62ebf098771772160f391d75e589dc567915b233), userDataDir=C:\Users\Komali\AppData\Local\Temp\scoped_dir3448_11084}, takesHeapSnapshot=true, pageLoadStrategy=normal, databaseEnabled=false, handlesAlerts=true, hasTouchScreen=false, version=58.0.3029.110, platform=XP, browserConnectionEnabled=false, nativeEvents=true, acceptSslCerts=true, locationContextEnabled=true, webStorageEnabled=true, browserName=chrome, takesScreenshot=true, javascriptEnabled=true, cssSelectorsEnabled=true, unexpectedAlertBehaviour=}]
Session ID: 3e684e0e605e39334bad97747556794b]]>
            </message>
            <full-stacktrace>
              <![CDATA[org.openqa.selenium.ElementNotVisibleException: element not visible
  (Session info: chrome=58.0.3029.110)
  (Driver info: chromedriver=2.29.461591 (62ebf098771772160f391d75e589dc567915b233),platform=Windows NT 6.1.7601 SP1 x86_64) (WARNING: The server did not provide any stacktrace information)
Command duration or timeout: 23 milliseconds
Build info: version: '2.32.0', revision: '6c40c187d01409a5dc3b7f8251859150c8af0bcb', time: '2013-04-09 10:39:28'
System info: os.name: 'Windows 7', os.arch: 'amd64', os.version: '6.1', java.version: '1.8.0_111'
Driver info: org.openqa.selenium.chrome.ChromeDriver
Capabilities [{applicationCacheEnabled=false, rotatable=false, mobileEmulationEnabled=false, networkConnectionEnabled=false, chrome={chromedriverVersion=2.29.461591 (62ebf098771772160f391d75e589dc567915b233), userDataDir=C:\Users\Komali\AppData\Local\Temp\scoped_dir3448_11084}, takesHeapSnapshot=true, pageLoadStrategy=normal, databaseEnabled=false, handlesAlerts=true, hasTouchScreen=false, version=58.0.3029.110, platform=XP, browserConnectionEnabled=false, nativeEvents=true, acceptSslCerts=true, locationContextEnabled=true, webStorageEnabled=true, browserName=chrome, takesScreenshot=true, javascriptEnabled=true, cssSelectorsEnabled=true, unexpectedAlertBehaviour=}]
Session ID: 3e684e0e605e39334bad97747556794b
	at sun.reflect.NativeConstructorAccessorImpl.newInstance0(Native Method)
	at sun.reflect.NativeConstructorAccessorImpl.newInstance(NativeConstructorAccessorImpl.java:62)
	at sun.reflect.DelegatingConstructorAccessorImpl.newInstance(DelegatingConstructorAccessorImpl.java:45)
	at java.lang.reflect.Constructor.newInstance(Constructor.java:423)
	at org.openqa.selenium.remote.ErrorHandler.createThrowable(ErrorHandler.java:187)
	at org.openqa.selenium.remote.ErrorHandler.throwIfResponseFailed(ErrorHandler.java:145)
	at org.openqa.selenium.remote.RemoteWebDriver.execute(RemoteWebDriver.java:554)
	at org.openqa.selenium.remote.RemoteWebElement.execute(RemoteWebElement.java:268)
	at org.openqa.selenium.remote.RemoteWebElement.click(RemoteWebElement.java:79)
	at sun.reflect.NativeMethodAccessorImpl.invoke0(Native Method)
	at sun.reflect.NativeMethodAccessorImpl.invoke(NativeMethodAccessorImpl.java:62)
	at sun.reflect.DelegatingMethodAccessorImpl.invoke(DelegatingMethodAccessorImpl.java:43)
	at java.lang.reflect.Method.invoke(Method.java:498)
	at org.openqa.selenium.support.pagefactory.internal.LocatingElementHandler.invoke(LocatingElementHandler.java:41)
	at com.sun.proxy.$Proxy6.click(Unknown Source)
	at com.selenium.presta.Home.LogOut(Home.java:39)
	at com.selenium.presta.tests.SanityTest.login_Negative(SanityTest.java:36)
	at sun.reflect.NativeMethodAccessorImpl.invoke0(Native Method)
	at sun.reflect.NativeMethodAccessorImpl.invoke(NativeMethodAccessorImpl.java:62)
	at sun.reflect.DelegatingMethodAccessorImpl.invoke(DelegatingMethodAccessorImpl.java:43)
	at java.lang.reflect.Method.invoke(Method.java:498)
	at org.testng.internal.MethodInvocationHelper.invokeMethod(MethodInvocationHelper.java:80)
	at org.testng.internal.InvokeMethodRunnable.runOne(InvokeMethodRunnable.java:46)
	at org.testng.internal.InvokeMethodRunnable.run(InvokeMethodRunnable.java:37)
	at java.util.concurrent.Executors$RunnableAdapter.call(Executors.java:511)
	at java.util.concurrent.FutureTask.run(FutureTask.java:266)
	at java.util.concurrent.ThreadPoolExecutor.runWorker(ThreadPoolExecutor.java:1142)
	at java.util.concurrent.ThreadPoolExecutor$Worker.run(ThreadPoolExecutor.java:617)
	at java.lang.Thread.run(Thread.java:745)
]]>
            </full-stacktrace>
          </exception> <!-- org.openqa.selenium.ElementNotVisibleException -->
          <reporter-output>
            <line>
              <![CDATA[Test case 2 is running...!]]>
            </line>
          </reporter-output>
        </test-method> <!-- login_Negative -->
        <test-method status="PASS" signature="HomePage()[pri:0, instance:com.selenium.presta.tests.SanityTest@659a969b]" name="HomePage" is-config="true" duration-ms="2055" started-at="2017-06-12T16:44:12Z" finished-at="2017-06-12T16:44:15Z">
          <reporter-output>
          </reporter-output>
        </test-method> <!-- HomePage -->
        <test-method status="PASS" signature="Searchproduct()[pri:0, instance:com.selenium.presta.tests.SanityTest@659a969b]" name="Searchproduct" duration-ms="17368" started-at="2017-06-12T16:44:15Z" description="Searching for product" finished-at="2017-06-12T16:44:32Z">
          <reporter-output>
            <line>
              <![CDATA[Executing Second Test Case..!!]]>
            </line>
          </reporter-output>
        </test-method> <!-- Searchproduct -->
        <test-method status="PASS" signature="HomePage()[pri:0, instance:com.selenium.presta.tests.SanityTest@659a969b]" name="HomePage" is-config="true" duration-ms="1492" started-at="2017-06-12T16:44:32Z" finished-at="2017-06-12T16:44:33Z">
          <reporter-output>
          </reporter-output>
        </test-method> <!-- HomePage -->
        <test-method status="PASS" signature="tearDown()[pri:0, instance:com.selenium.presta.tests.SanityTest@659a969b]" name="tearDown" is-config="true" duration-ms="1230" started-at="2017-06-12T16:44:34Z" finished-at="2017-06-12T16:44:35Z">
          <reporter-output>
          </reporter-output>
        </test-method> <!-- tearDown -->
      </class> <!-- com.selenium.presta.tests.SanityTest -->
    </test> <!-- Command line test -->
  </suite> <!-- Command line suite -->
</testng-results>
